# JRE version: OpenJDK Runtime Environment (17.0.7) (build 17.0.7+0-b2043.56-10550314)
# Java VM: OpenJDK 64-Bit Server VM (17.0.7+0-b2043.56-10550314, mixed mode, tiered, compressed oops, compressed class ptrs, g1 gc, windows-amd64)
GC Precious Log:
 CPUs: 12 total, 12 available
 Memory: 15761M
 Large Page Support: Disabled
 NUMA Support: Disabled
 Compressed Oops: Enabled (32-bit)
 Heap Region Size: 1M
 Heap Min Capacity: 8M
 Heap Initial Capacity: 248M
 Heap Max Capacity: 2G
 Pre-touch: Disabled
 Parallel Workers: 10
 Concurrent Workers: 3
 Concurrent Refinement Workers: 10
 Periodic GC: Disabled
Heap:
 garbage-first heap   total 437248K, used 335342K [0x0000000080000000, 0x0000000100000000)
  region size 1024K, 137 young (140288K), 3 survivors (3072K)
 Metaspace       used 156411K, committed 157376K, reserved 1245184K
  class space    used 21840K, committed 22336K, reserved 1048576K
GC Heap History (20 events):
Event: 36.441 GC heap before
{Heap before GC invocations=75 (full 0):
 garbage-first heap   total 346112K, used 296275K [0x0000000080000000, 0x0000000100000000)
  region size 1024K, 85 young (87040K), 4 survivors (4096K)
 Metaspace       used 152314K, committed 153344K, reserved 1245184K
  class space    used 21512K, committed 22016K, reserved 1048576K
}
Event: 36.447 GC heap after
{Heap after GC invocations=76 (full 0):
 garbage-first heap   total 346112K, used 222160K [0x0000000080000000, 0x0000000100000000)
  region size 1024K, 11 young (11264K), 11 survivors (11264K)
 Metaspace       used 152314K, committed 153344K, reserved 1245184K
  class space    used 21512K, committed 22016K, reserved 1048576K
}
Event: 36.727 GC heap before
{Heap before GC invocations=76 (full 0):
 garbage-first heap   total 346112K, used 256976K [0x0000000080000000, 0x0000000100000000)
  region size 1024K, 35 young (35840K), 11 survivors (11264K)
 Metaspace       used 153815K, committed 154880K, reserved 1245184K
  class space    used 21701K, committed 22208K, reserved 1048576K
}
Event: 36.731 GC heap after
{Heap after GC invocations=77 (full 0):
 garbage-first heap   total 346112K, used 224434K [0x0000000080000000, 0x0000000100000000)
  region size 1024K, 2 young (2048K), 2 survivors (2048K)
 Metaspace       used 153815K, committed 154880K, reserved 1245184K
  class space    used 21701K, committed 22208K, reserved 1048576K
}
Event: 36.734 GC heap before
{Heap before GC invocations=77 (full 0):
 garbage-first heap   total 346112K, used 232626K [0x0000000080000000, 0x0000000100000000)
  region size 1024K, 3 young (3072K), 2 survivors (2048K)
 Metaspace       used 153818K, committed 154880K, reserved 1245184K
  class space    used 21701K, committed 22208K, reserved 1048576K
}
Event: 36.737 GC heap after
{Heap after GC invocations=78 (full 0):
 garbage-first heap   total 346112K, used 232705K [0x0000000080000000, 0x0000000100000000)
  region size 1024K, 2 young (2048K), 2 survivors (2048K)
 Metaspace       used 153818K, committed 154880K, reserved 1245184K
  class space    used 21701K, committed 22208K, reserved 1048576K
}
Event: 36.740 GC heap before
{Heap before GC invocations=78 (full 0):
 garbage-first heap   total 346112K, used 241921K [0x0000000080000000, 0x0000000100000000)
  region size 1024K, 3 young (3072K), 2 survivors (2048K)
 Metaspace       used 153820K, committed 154880K, reserved 1245184K
  class space    used 21702K, committed 22208K, reserved 1048576K
}
Event: 36.743 GC heap after
{Heap after GC invocations=79 (full 0):
 garbage-first heap   total 346112K, used 242046K [0x0000000080000000, 0x0000000100000000)
  region size 1024K, 2 young (2048K), 2 survivors (2048K)
 Metaspace       used 153820K, committed 154880K, reserved 1245184K
  class space    used 21702K, committed 22208K, reserved 1048576K
}
Event: 1062.001 GC heap before
{Heap before GC invocations=80 (full 0):
 garbage-first heap   total 437248K, used 327038K [0x0000000080000000, 0x0000000100000000)
  region size 1024K, 45 young (46080K), 2 survivors (2048K)
 Metaspace       used 154975K, committed 155904K, reserved 1245184K
  class space    used 21853K, committed 22272K, reserved 1048576K
}
Event: 1062.003 GC heap after
{Heap after GC invocations=81 (full 0):
 garbage-first heap   total 437248K, used 203279K [0x0000000080000000, 0x0000000100000000)
  region size 1024K, 1 young (1024K), 1 survivors (1024K)
 Metaspace       used 154975K, committed 155904K, reserved 1245184K
  class space    used 21853K, committed 22272K, reserved 1048576K
}
Event: 2162.884 GC heap before
{Heap before GC invocations=81 (full 0):
 garbage-first heap   total 437248K, used 223759K [0x0000000080000000, 0x0000000100000000)
  region size 1024K, 21 young (21504K), 1 survivors (1024K)
 Metaspace       used 155082K, committed 155968K, reserved 1245184K
  class space    used 21856K, committed 22272K, reserved 1048576K
}
Event: 2162.888 GC heap after
{Heap after GC invocations=82 (full 0):
 garbage-first heap   total 437248K, used 169554K [0x0000000080000000, 0x0000000100000000)
  region size 1024K, 1 young (1024K), 1 survivors (1024K)
 Metaspace       used 155082K, committed 155968K, reserved 1245184K
  class space    used 21856K, committed 22272K, reserved 1048576K
}
Event: 2439.384 GC heap before
{Heap before GC invocations=82 (full 0):
 garbage-first heap   total 437248K, used 331346K [0x0000000080000000, 0x0000000100000000)
  region size 1024K, 159 young (162816K), 1 survivors (1024K)
 Metaspace       used 155905K, committed 156864K, reserved 1245184K
  class space    used 21890K, committed 22336K, reserved 1048576K
}
Event: 2439.397 GC heap after
{Heap after GC invocations=83 (full 0):
 garbage-first heap   total 437248K, used 181641K [0x0000000080000000, 0x0000000100000000)
  region size 1024K, 13 young (13312K), 13 survivors (13312K)
 Metaspace       used 155905K, committed 156864K, reserved 1245184K
  class space    used 21890K, committed 22336K, reserved 1048576K
}
Event: 2439.721 GC heap before
{Heap before GC invocations=84 (full 0):
 garbage-first heap   total 437248K, used 334217K [0x0000000080000000, 0x0000000100000000)
  region size 1024K, 165 young (168960K), 13 survivors (13312K)
 Metaspace       used 155719K, committed 156928K, reserved 1245184K
  class space    used 21816K, committed 22336K, reserved 1048576K
}
Event: 2439.740 GC heap after
{Heap after GC invocations=85 (full 0):
 garbage-first heap   total 437248K, used 188504K [0x0000000080000000, 0x0000000100000000)
  region size 1024K, 9 young (9216K), 9 survivors (9216K)
 Metaspace       used 155719K, committed 156928K, reserved 1245184K
  class space    used 21816K, committed 22336K, reserved 1048576K
}
Event: 2439.753 GC heap before
{Heap before GC invocations=85 (full 0):
 garbage-first heap   total 437248K, used 200792K [0x0000000080000000, 0x0000000100000000)
  region size 1024K, 21 young (21504K), 9 survivors (9216K)
 Metaspace       used 155719K, committed 156928K, reserved 1245184K
  class space    used 21816K, committed 22336K, reserved 1048576K
}
Event: 2439.763 GC heap after
{Heap after GC invocations=86 (full 0):
 garbage-first heap   total 437248K, used 174751K [0x0000000080000000, 0x0000000100000000)
  region size 1024K, 2 young (2048K), 2 survivors (2048K)
 Metaspace       used 155719K, committed 156928K, reserved 1245184K
  class space    used 21816K, committed 22336K, reserved 1048576K
}
Event: 2440.043 GC heap before
{Heap before GC invocations=86 (full 0):
 garbage-first heap   total 437248K, used 342687K [0x0000000080000000, 0x0000000100000000)
  region size 1024K, 167 young (171008K), 2 survivors (2048K)
 Metaspace       used 155724K, committed 156928K, reserved 1245184K
  class space    used 21816K, committed 22336K, reserved 1048576K
}
Event: 2440.046 GC heap after
{Heap after GC invocations=87 (full 0):
 garbage-first heap   total 437248K, used 175598K [0x0000000080000000, 0x0000000100000000)
  region size 1024K, 3 young (3072K), 3 survivors (3072K)
 Metaspace       used 155724K, committed 156928K, reserved 1245184K
  class space    used 21816K, committed 22336K, reserved 1048576K
}

