# JRE version: OpenJDK Runtime Environment (17.0.7) (build 17.0.7+0-b2043.56-10550314)
# Java VM: OpenJDK 64-Bit Server VM (17.0.7+0-b2043.56-10550314, mixed mode, tiered, compressed oops, compressed class ptrs, g1 gc, windows-amd64)
GC Precious Log:
 CPUs: 12 total, 12 available
 Memory: 15761M
 Large Page Support: Disabled
 NUMA Support: Disabled
 Compressed Oops: Enabled (32-bit)
 Heap Region Size: 1M
 Heap Min Capacity: 8M
 Heap Initial Capacity: 248M
 Heap Max Capacity: 2G
 Pre-touch: Disabled
 Parallel Workers: 10
 Concurrent Workers: 3
 Concurrent Refinement Workers: 10
 Periodic GC: Disabled
Heap:
 garbage-first heap   total 454656K, used 204380K [0x0000000080000000, 0x0000000100000000)
  region size 1024K, 15 young (15360K), 3 survivors (3072K)
 Metaspace       used 134236K, committed 135296K, reserved 1179648K
  class space    used 18867K, committed 19392K, reserved 1048576K
GC Heap History (20 events):
Event: 209.992 GC heap before
{Heap before GC invocations=68 (full 0):
 garbage-first heap   total 362496K, used 298480K [0x0000000080000000, 0x0000000100000000)
  region size 1024K, 134 young (137216K), 13 survivors (13312K)
 Metaspace       used 132108K, committed 133056K, reserved 1179648K
  class space    used 18778K, committed 19264K, reserved 1048576K
}
Event: 209.998 GC heap after
{Heap after GC invocations=69 (full 0):
 garbage-first heap   total 362496K, used 176903K [0x0000000080000000, 0x0000000100000000)
  region size 1024K, 3 young (3072K), 3 survivors (3072K)
 Metaspace       used 132108K, committed 133056K, reserved 1179648K
  class space    used 18778K, committed 19264K, reserved 1048576K
}
Event: 210.255 GC heap before
{Heap before GC invocations=70 (full 0):
 garbage-first heap   total 362496K, used 302855K [0x0000000080000000, 0x0000000100000000)
  region size 1024K, 127 young (130048K), 3 survivors (3072K)
 Metaspace       used 132086K, committed 133056K, reserved 1179648K
  class space    used 18771K, committed 19264K, reserved 1048576K
}
Event: 210.258 GC heap after
{Heap after GC invocations=71 (full 0):
 garbage-first heap   total 362496K, used 179209K [0x0000000080000000, 0x0000000100000000)
  region size 1024K, 6 young (6144K), 6 survivors (6144K)
 Metaspace       used 132086K, committed 133056K, reserved 1179648K
  class space    used 18771K, committed 19264K, reserved 1048576K
}
Event: 210.289 GC heap before
{Heap before GC invocations=71 (full 0):
 garbage-first heap   total 362496K, used 189449K [0x0000000080000000, 0x0000000100000000)
  region size 1024K, 17 young (17408K), 6 survivors (6144K)
 Metaspace       used 132086K, committed 133056K, reserved 1179648K
  class space    used 18771K, committed 19264K, reserved 1048576K
}
Event: 210.299 GC heap after
{Heap after GC invocations=72 (full 0):
 garbage-first heap   total 362496K, used 169195K [0x0000000080000000, 0x0000000100000000)
  region size 1024K, 2 young (2048K), 2 survivors (2048K)
 Metaspace       used 132086K, committed 133056K, reserved 1179648K
  class space    used 18771K, committed 19264K, reserved 1048576K
}
Event: 210.932 GC heap before
{Heap before GC invocations=72 (full 0):
 garbage-first heap   total 362496K, used 253163K [0x0000000080000000, 0x0000000100000000)
  region size 1024K, 86 young (88064K), 2 survivors (2048K)
 Metaspace       used 132609K, committed 133568K, reserved 1179648K
  class space    used 18776K, committed 19264K, reserved 1048576K
}
Event: 210.934 GC heap after
{Heap after GC invocations=73 (full 0):
 garbage-first heap   total 362496K, used 168809K [0x0000000080000000, 0x0000000100000000)
  region size 1024K, 2 young (2048K), 2 survivors (2048K)
 Metaspace       used 132609K, committed 133568K, reserved 1179648K
  class space    used 18776K, committed 19264K, reserved 1048576K
}
Event: 335.747 GC heap before
{Heap before GC invocations=74 (full 0):
 garbage-first heap   total 362496K, used 331625K [0x0000000080000000, 0x0000000100000000)
  region size 1024K, 138 young (141312K), 2 survivors (2048K)
 Metaspace       used 133200K, committed 134208K, reserved 1179648K
  class space    used 18811K, committed 19328K, reserved 1048576K
}
Event: 335.749 GC heap after
{Heap after GC invocations=75 (full 0):
 garbage-first heap   total 362496K, used 168738K [0x0000000080000000, 0x0000000100000000)
  region size 1024K, 2 young (2048K), 2 survivors (2048K)
 Metaspace       used 133200K, committed 134208K, reserved 1179648K
  class space    used 18811K, committed 19328K, reserved 1048576K
}
Event: 335.817 GC heap before
{Heap before GC invocations=75 (full 0):
 garbage-first heap   total 362496K, used 184098K [0x0000000080000000, 0x0000000100000000)
  region size 1024K, 17 young (17408K), 2 survivors (2048K)
 Metaspace       used 133246K, committed 134272K, reserved 1179648K
  class space    used 18817K, committed 19328K, reserved 1048576K
}
Event: 335.824 GC heap after
{Heap after GC invocations=76 (full 0):
 garbage-first heap   total 362496K, used 161314K [0x0000000080000000, 0x0000000100000000)
  region size 1024K, 3 young (3072K), 3 survivors (3072K)
 Metaspace       used 133246K, committed 134272K, reserved 1179648K
  class space    used 18817K, committed 19328K, reserved 1048576K
}
Event: 336.404 GC heap before
{Heap before GC invocations=76 (full 0):
 garbage-first heap   total 362496K, used 266786K [0x0000000080000000, 0x0000000100000000)
  region size 1024K, 108 young (110592K), 3 survivors (3072K)
 Metaspace       used 133602K, committed 134656K, reserved 1179648K
  class space    used 18855K, committed 19392K, reserved 1048576K
}
Event: 336.411 GC heap after
{Heap after GC invocations=77 (full 0):
 garbage-first heap   total 362496K, used 172293K [0x0000000080000000, 0x0000000100000000)
  region size 1024K, 13 young (13312K), 13 survivors (13312K)
 Metaspace       used 133602K, committed 134656K, reserved 1179648K
  class space    used 18855K, committed 19392K, reserved 1048576K
}
Event: 638.728 GC heap before
{Heap before GC invocations=78 (full 0):
 garbage-first heap   total 384000K, used 360709K [0x0000000080000000, 0x0000000100000000)
  region size 1024K, 121 young (123904K), 13 survivors (13312K)
 Metaspace       used 133890K, committed 134912K, reserved 1179648K
  class space    used 18862K, committed 19392K, reserved 1048576K
}
Event: 638.738 GC heap after
{Heap after GC invocations=79 (full 0):
 garbage-first heap   total 386048K, used 181456K [0x0000000080000000, 0x0000000100000000)
  region size 1024K, 11 young (11264K), 11 survivors (11264K)
 Metaspace       used 133890K, committed 134912K, reserved 1179648K
  class space    used 18862K, committed 19392K, reserved 1048576K
}
Event: 638.814 GC heap before
{Heap before GC invocations=79 (full 0):
 garbage-first heap   total 386048K, used 188624K [0x0000000080000000, 0x0000000100000000)
  region size 1024K, 18 young (18432K), 11 survivors (11264K)
 Metaspace       used 133896K, committed 134912K, reserved 1179648K
  class space    used 18862K, committed 19392K, reserved 1048576K
}
Event: 638.821 GC heap after
{Heap after GC invocations=80 (full 0):
 garbage-first heap   total 386048K, used 179053K [0x0000000080000000, 0x0000000100000000)
  region size 1024K, 3 young (3072K), 3 survivors (3072K)
 Metaspace       used 133896K, committed 134912K, reserved 1179648K
  class space    used 18862K, committed 19392K, reserved 1048576K
}
Event: 642.251 GC heap before
{Heap before GC invocations=80 (full 0):
 garbage-first heap   total 386048K, used 259949K [0x0000000080000000, 0x0000000100000000)
  region size 1024K, 84 young (86016K), 3 survivors (3072K)
 Metaspace       used 134218K, committed 135296K, reserved 1179648K
  class space    used 18867K, committed 19392K, reserved 1048576K
}
Event: 642.255 GC heap after
{Heap after GC invocations=81 (full 0):
 garbage-first heap   total 454656K, used 179804K [0x0000000080000000, 0x0000000100000000)
  region size 1024K, 3 young (3072K), 3 survivors (3072K)
 Metaspace       used 134218K, committed 135296K, reserved 1179648K
  class space    used 18867K, committed 19392K, reserved 1048576K
}

